 {'id': 'MLA921280437', 'title': ' Apc Easy Ups Bv Bv650i-ar 650va Entrada Y Salida De 230v Negro', 'category_id': 'MLA1720', 'Name_category': 'UPS'}
 {'id': 'MLA915943267', 'title': 'Notebook Dell Inspiron 3501 Negra 15.6 , Intel Core I3 1005g1  4gb De Ram 1tb Hdd, Intel Uhd Graphics 60 Hz 1366x768px Linux Ubuntu', 'category_id': 'MLA1652', 'Name_category': 'Notebooks'}
 {'id': 'MLA921398602', 'title': ' Apc Back-ups Bx550ci-ar 550va Entrada Y Salida De 230v Negro', 'category_id': 'MLA1720', 'Name_category': 'UPS'}
 {'id': 'MLA912269991', 'title': ' Apc Back-ups Br900g-ar 900va Entrada Y Salida De 230v Negro', 'category_id': 'MLA1720', 'Name_category': 'UPS'}
 {'id': 'MLA912273972', 'title': ' Apc Back-ups Br550g-ar 550va Entrada Y Salida De 230v Negro', 'category_id': 'MLA1720', 'Name_category': 'UPS'}
 {'id': 'MLA912270438', 'title': ' Apc Back-ups Bx1100ci-ar 1100va Entrada Y Salida De 230v Negro', 'category_id': 'MLA1720', 'Name_category': 'UPS'}
 {'id': 'MLA917487099', 'title': 'Monitor Dell E2420h Led 24\xa0  Negro 100v/240v', 'category_id': 'MLA14407', 'Name_category': 'Monitores'}
 {'id': 'MLA921334051', 'title': ' Apc Smart-ups Rc Src2ki-ar 2000va Entrada Y Salida De 230v Negro', 'category_id': 'MLA1720', 'Name_category': 'UPS'}
 {'id': 'MLA919877335', 'title': 'Notebook Dell Inspiron 5593 Platinum Silver 15.6 , Intel Core I5 1035g1  8gb De Ram 256gb Ssd, Intel Uhd Graphics 1920x1080px Windows 10 Home', 'category_id': 'MLA1652', 'Name_category': 'Notebooks'}
 {'id': 'MLA912269713', 'title': ' Apc Back-ups Pro 1200 Br1200g-ar 1200va Entrada Y Salida De 230v Negro', 'category_id': 'MLA1720', 'Name_category': 'UPS'}
 {'id': 'MLA884735636', 'title': 'Router Cisco Rv Series Rv345 Negro 100v/240v', 'category_id': 'MLA430901', 'Name_category': 'Routers'}
 {'id': 'MLA920272271', 'title': ' Apc Easy Ups Bv500i-ar 500va Entrada Y Salida De 230v Negro', 'category_id': 'MLA1720', 'Name_category': 'UPS'}
 {'id': 'MLA884736096', 'title': 'Router Cisco Rv Series Rv340 Negro 100v/240v', 'category_id': 'MLA430901', 'Name_category': 'Routers'}
 {'id': 'MLA874472550', 'title': 'Router Linksys Ea-series Ea6100 Negro 100v/240v', 'category_id': 'MLA430901', 'Name_category': 'Routers'}
 {'id': 'MLA917517155', 'title': 'Switch Cisco Sg110d-08 Serie 110', 'category_id': 'MLA1708', 'Name_category': 'Switches'}
 {'id': 'MLA917517053', 'title': ' Apc Back-ups Bx800ci-ar 800va Entrada Y Salida De 230v Negro', 'category_id': 'MLA1720', 'Name_category': 'UPS'}
 {'id': 'MLA919281388', 'title': ' Apc Back-ups Pro 1500 Br1500g-ar 1500va Entrada Y Salida De 230v Negro', 'category_id': 'MLA1720', 'Name_category': 'UPS'}
 {'id': 'MLA913997022', 'title': 'Notebook Dell Vostro 3490 Negra 14 , Intel Core I5 10210u  8gb De Ram 1tb Hdd, Intel Uhd Graphics 60 Hz 1366x768px Windows 10 Pro', 'category_id': 'MLA1652', 'Name_category': 'Notebooks'}
 {'id': 'MLA918321811', 'title': 'Monitor Dell E2720h Led 27\xa0  Negro 100v/240v', 'category_id': 'MLA14407', 'Name_category': 'Monitores'}
 {'id': 'MLA870592467', 'title': 'Router Linksys E2500 Negro', 'category_id': 'MLA430901', 'Name_category': 'Routers'}
 {'id': 'MLA884736134', 'title': 'Router Cisco Small Business Rv260w-a Negro', 'category_id': 'MLA430901', 'Name_category': 'Routers'}
 {'id': 'MLA917080102', 'title': 'Monitor Gamer Dell Professional P2719h Led 27\xa0  Negro 100v/240v', 'category_id': 'MLA14407', 'Name_category': 'Monitores'}
 {'id': 'MLA884735834', 'title': 'Repetidor Linksys Re6500 Negro', 'category_id': 'MLA430901', 'Name_category': 'Routers'}
 {'id': 'MLA919345379', 'title': 'Router Linksys Lrt214 Negro Y Azul', 'category_id': 'MLA430901', 'Name_category': 'Routers'}
 {'id': 'MLA917516307', 'title': ' Apc Smart-ups Srt Srt5kxli 5000va Entrada Y Salida De 230v Negro', 'category_id': 'MLA1720', 'Name_category': 'UPS'}
 {'id': 'MLA912272809', 'title': ' Apc Smart-ups Rc Src3000xli 3000va Entrada Y Salida De 230v Negro', 'category_id': 'MLA1720', 'Name_category': 'UPS'}
 {'id': 'MLA917515758', 'title': ' Apc Easy Ups Srv6ki 6000va Entrada Y Salida De 230v Negro', 'category_id': 'MLA1720', 'Name_category': 'UPS'}
 {'id': 'MLA876794922', 'title': 'Impresora Multifunción Lexmark Mb2546adwe Con Wifi Gris Y Blanca 220v', 'category_id': 'MLA1676', 'Name_category': 'Impresoras'}
 {'id': 'MLA917517444', 'title': 'Switch Cisco Sg250-50p Serie 250', 'category_id': 'MLA1708', 'Name_category': 'Switches'}
 {'id': 'MLA917206103', 'title': 'Switch Cisco Sg350-28p Serie 350', 'category_id': 'MLA1708', 'Name_category': 'Switches'}
 {'id': 'MLA912273096', 'title': ' Apc Easy Ups Srv3000 Srv3ki-ar 3000va Entrada Y Salida De 220v/240v Negro', 'category_id': 'MLA1720', 'Name_category': 'UPS'}
 {'id': 'MLA919422304', 'title': 'Access Point, Router Linksys Mr8300 Negro 100v/240v', 'category_id': 'MLA430901', 'Name_category': 'Routers'}
 {'id': 'MLA863267784', 'title': 'Monitor Gamer Dell Professional P2018h Led 20\xa0  Negro 100v/240v', 'category_id': 'MLA14407', 'Name_category': 'Monitores'}
 {'id': 'MLA898898561', 'title': 'Repetidor, Router, Sistema Wi-fi Mesh Linksys Velop Wifi Intelligent Mesh Blanco 100v/240v', 'category_id': 'MLA430901', 'Name_category': 'Routers'}
 {'id': 'MLA919421624', 'title': 'Access Point, Router Linksys Max-stream Ea7300 Negro 100v/240v', 'category_id': 'MLA430901', 'Name_category': 'Routers'}
 {'id': 'MLA917206050', 'title': 'Switch Cisco Sg350-52 Sg Serie 350', 'category_id': 'MLA1708', 'Name_category': 'Switches'}
 {'id': 'MLA914634860', 'title': 'Access Point Interior Cisco 100 Series Wap150 Blanco', 'category_id': 'MLA430901', 'Name_category': 'Routers'}
 {'id': 'MLA919620915', 'title': 'Notebook Dell Vostro 3490 Negra 14 , Intel Core I5 10210u  4gb De Ram 1tb Hdd, Intel Hd Graphics 60 Hz 1366x768px Windows 10 Pro', 'category_id': 'MLA1652', 'Name_category': 'Notebooks'}
 {'id': 'MLA919620195', 'title': 'Notebook Dell Vostro 3490 Negra 14 , Intel Core I5 10210u  16gb De Ram 1tb Hdd, Intel Hd Graphics 60 Hz 1366x768px Windows 10 Pro', 'category_id': 'MLA1652', 'Name_category': 'Notebooks'}
 {'id': 'MLA912274211', 'title': ' Apc Smart-ups Smt3000r2i-ar 3000va Entrada Y Salida De 220v/240v Negro', 'category_id': 'MLA1720', 'Name_category': 'UPS'}
 {'id': 'MLA604049998', 'title': 'Ups Apc Easy Bv650i-ar 650va Gtia Oficial 2 Años Bv650', 'category_id': 'MLA1720', 'Name_category': 'UPS'}
 {'id': 'MLA614270244', 'title': 'Ups Apc 1000va Para Pc Gamer Simil Bx1100 Bv1000i-ar Estabilizador Y Protector De Tension Gtia Oficial 2 Años', 'category_id': 'MLA1720', 'Name_category': 'UPS'}
 {'id': 'MLA838039921', 'title': 'Ups Apc Bv800i-ar 800v 4t Estabilizador Pc Gamer Simil Bx800', 'category_id': 'MLA1720', 'Name_category': 'UPS'}
 {'id': 'MLA738232286', 'title': 'Notebook Laptop Dell Inspiron I3 8gb 1tb 15.6 Win 10 Teclado Con Ñ Gtia De Tienda Oficial - Factura A Y B - Ram', 'category_id': 'MLA1652', 'Name_category': 'Notebooks'}
 {'id': 'MLA777628422', 'title': 'Router Cisco Rv260w Dual Band Vpn Firewall Wifi N Rv260', 'category_id': 'MLA430901', 'Name_category': 'Routers'}
 {'id': 'MLA696010903', 'title': 'Ups Apc Src2ki-ar 2000va Online Tower Src2ki', 'category_id': 'MLA1720', 'Name_category': 'UPS'}
 {'id': 'MLA674808363', 'title': 'Notebook Laptop Dell Inspiron I3 4gb 15.6 1tb Win 10 Teclado Con Ñ Gtia De Tienda Oficial - Factura A Y B - Oferta', 'category_id': 'MLA1652', 'Name_category': 'Notebooks'}
 {'id': 'MLA723894205', 'title': 'Router Cisco Dual Wan Vpn Firewall Rv340-k9 Oferta Gtia Oficial - Factura A Y B', 'category_id': 'MLA430901', 'Name_category': 'Routers'}
 {'id': 'MLA795525764', 'title': 'Ups Apc Easy Bv650i-ar 650va Gtia Oficial 2 Años Bv650', 'category_id': 'MLA1720', 'Name_category': 'UPS'}
 {'id': 'MLA838040863', 'title': 'Ups Apc Bv1000i 1000va Para Pc Gamer Simil Bx1100', 'category_id': 'MLA1720', 'Name_category': 'UPS'}
